2024-08-31 14:13:15,273 - INFO - Scheduler iniciado. Ejecutando el script cada 5 minutos.
2024-08-31 14:13:15,273 - INFO - Starting data processing
2024-08-31 14:13:17,391 - INFO - Processed currency: bitcoin
2024-08-31 14:13:18,104 - INFO - Processed currency: ethereum
2024-08-31 14:13:18,852 - INFO - Processed currency: tether
2024-08-31 14:13:20,443 - INFO - Processed currency: bnb
2024-08-31 14:13:21,058 - INFO - Processed currency: solana
2024-08-31 14:13:22,181 - INFO - Processed currency: usd-coin
2024-08-31 14:13:22,908 - INFO - Processed currency: xrp
2024-08-31 14:13:23,511 - INFO - Processed currency: dogecoin
2024-08-31 14:13:24,282 - INFO - Processed currency: toncoin
2024-08-31 14:13:25,001 - INFO - Processed currency: tron
2024-08-31 14:13:25,617 - INFO - Processed currency: cardano
2024-08-31 14:13:26,150 - INFO - Processed currency: avalanche
2024-08-31 14:13:26,698 - INFO - Processed currency: shiba-inu
2024-08-31 14:13:27,928 - INFO - Processed currency: chainlink
2024-08-31 14:13:28,518 - INFO - Processed currency: bitcoin-cash
2024-08-31 14:13:29,040 - INFO - Processed currency: polkadot-new
2024-08-31 14:13:29,586 - INFO - Processed currency: unus-sed-leo
2024-08-31 14:13:30,114 - INFO - Processed currency: multi-collateral-dai
2024-08-31 14:13:30,711 - INFO - Processed currency: litecoin
2024-08-31 14:13:31,252 - INFO - Processed currency: near-protocol
2024-08-31 14:13:31,862 - INFO - Processed currency: polygon
2024-08-31 14:13:33,388 - INFO - Processed currency: kaspa
2024-08-31 14:13:34,060 - INFO - Processed currency: uniswap
2024-08-31 14:13:34,781 - INFO - Processed currency: internet-computer
2024-08-31 14:13:35,482 - INFO - Processed currency: pepe
2024-08-31 14:13:36,468 - INFO - Processed currency: aptos
2024-08-31 14:13:37,074 - INFO - Processed currency: monero
2024-08-31 14:13:37,613 - INFO - Processed currency: artificial-superintelligence-alliance
2024-08-31 14:13:38,395 - INFO - Processed currency: first-digital-usd
2024-08-31 14:13:38,929 - INFO - Processed currency: stellar
2024-08-31 14:13:39,989 - INFO - Processed currency: ethereum-classic
2024-08-31 14:13:40,239 - INFO - Processed currency: stacks
2024-08-31 14:13:40,495 - INFO - Processed currency: okb
2024-08-31 14:13:40,741 - INFO - Processed currency: cronos
2024-08-31 14:13:41,274 - INFO - Processed currency: immutable-x
2024-08-31 14:13:41,615 - INFO - Processed currency: sui
2024-08-31 14:13:41,868 - INFO - Processed currency: filecoin
2024-08-31 14:13:42,125 - INFO - Processed currency: bittensor
2024-08-31 14:13:42,384 - INFO - Processed currency: mantle
2024-08-31 14:13:42,912 - INFO - Processed currency: render
2024-08-31 14:13:43,161 - INFO - Processed currency: aave
2024-08-31 14:13:43,416 - INFO - Processed currency: hedera
2024-08-31 14:13:43,935 - INFO - Processed currency: arbitrum
2024-08-31 14:13:44,183 - INFO - Processed currency: cosmos
2024-08-31 14:13:44,429 - INFO - Processed currency: vechain
2024-08-31 14:13:44,674 - INFO - Processed currency: optimism-ethereum
2024-08-31 14:13:44,924 - INFO - Processed currency: injective
2024-08-31 14:13:45,177 - INFO - Processed currency: maker
2024-08-31 14:13:45,435 - INFO - Processed currency: dogwifhat
2024-08-31 14:13:45,862 - INFO - Processed currency: arweave
2024-08-31 14:13:46,109 - INFO - Processed currency: the-graph
2024-08-31 14:13:46,635 - INFO - Processed currency: bitget-token-new
2024-08-31 14:13:46,881 - INFO - Processed currency: thorchain
2024-08-31 14:13:47,121 - INFO - Processed currency: bonk1
2024-08-31 14:13:47,364 - INFO - Processed currency: floki-inu
2024-08-31 14:13:47,621 - INFO - Processed currency: fantom
2024-08-31 14:13:47,875 - INFO - Processed currency: theta-network
2024-08-31 14:13:48,416 - INFO - Processed currency: helium
2024-08-31 14:13:48,662 - INFO - Processed currency: algorand
2024-08-31 14:13:48,908 - INFO - Processed currency: jupiter-ag
2024-08-31 14:13:49,157 - INFO - Processed currency: pyth-network
2024-08-31 14:13:49,403 - INFO - Processed currency: kucoin-token
2024-08-31 14:13:49,650 - INFO - Processed currency: sei
2024-08-31 14:13:49,903 - INFO - Processed currency: lido-dao
2024-08-31 14:13:50,164 - INFO - Processed currency: jasmy
2024-08-31 14:13:50,415 - INFO - Processed currency: celestia
2024-08-31 14:13:50,671 - INFO - Processed currency: paypal-usd
2024-08-31 14:13:50,918 - INFO - Processed currency: ondo-finance
2024-08-31 14:13:51,173 - INFO - Processed currency: core-dao
2024-08-31 14:13:51,427 - INFO - Processed currency: notcoin
2024-08-31 14:13:51,953 - INFO - Processed currency: flow
2024-08-31 14:13:52,202 - INFO - Processed currency: bitcoin-sv
2024-08-31 14:13:52,729 - INFO - Processed currency: bittorrent-new
2024-08-31 14:13:52,977 - INFO - Processed currency: based-brett
2024-08-31 14:13:53,223 - INFO - Processed currency: multiversx-egld
2024-08-31 14:13:54,783 - INFO - Processed currency: mantra
2024-08-31 14:13:55,028 - INFO - Processed currency: quant
2024-08-31 14:13:55,293 - INFO - Processed currency: usdd
2024-08-31 14:13:55,548 - INFO - Processed currency: onbeam
2024-08-31 14:13:55,786 - INFO - Processed currency: eos
2024-08-31 14:13:56,034 - INFO - Processed currency: axie-infinity
2024-08-31 14:13:56,292 - INFO - Processed currency: neo
2024-08-31 14:13:56,546 - INFO - Processed currency: gatetoken
2024-08-31 14:13:56,804 - INFO - Processed currency: flare
2024-08-31 14:13:57,054 - INFO - Processed currency: dogs
2024-08-31 14:13:57,304 - INFO - Processed currency: tezos
2024-08-31 14:13:57,553 - INFO - Processed currency: gala
2024-08-31 14:13:57,799 - INFO - Processed currency: akash-network
2024-08-31 14:13:58,049 - INFO - Processed currency: tether-gold
2024-08-31 14:13:58,295 - INFO - Processed currency: ecash
2024-08-31 14:14:00,742 - INFO - Processed currency: sats
2024-08-31 14:14:02,222 - INFO - Processed currency: worldcoin-org
2024-08-31 14:14:02,916 - INFO - Processed currency: the-sandbox
2024-08-31 14:14:03,857 - INFO - Processed currency: ethereum-name-service
2024-08-31 14:14:04,673 - INFO - Processed currency: starknet-token
2024-08-31 14:14:05,694 - INFO - Processed currency: conflux-network
2024-08-31 14:14:07,026 - INFO - Processed currency: ordi
2024-08-31 14:14:07,743 - INFO - Processed currency: ronin
2024-08-31 14:14:08,865 - INFO - Processed currency: dydx-chain
2024-08-31 14:14:09,379 - INFO - Processed currency: popcat-sol
2024-08-31 14:14:09,379 - INFO - Data processing completed
2024-08-31 14:18:15,656 - INFO - Ejecutando script...
2024-08-31 14:18:15,656 - INFO - Starting data processing
2024-08-31 14:18:17,102 - INFO - Processed currency: bitcoin
2024-08-31 14:18:18,339 - INFO - Processed currency: ethereum
2024-08-31 14:18:21,361 - INFO - Processed currency: tether
2024-08-31 14:18:22,730 - INFO - Processed currency: bnb
2024-08-31 14:18:23,440 - INFO - Processed currency: solana
2024-08-31 14:18:24,370 - INFO - Processed currency: usd-coin
2024-08-31 14:18:25,706 - INFO - Processed currency: xrp
2024-08-31 14:18:26,613 - INFO - Processed currency: dogecoin
2024-08-31 14:18:27,328 - INFO - Processed currency: toncoin
2024-08-31 14:18:28,769 - INFO - Processed currency: tron
2024-08-31 14:18:29,433 - INFO - Processed currency: cardano
2024-08-31 14:18:30,101 - INFO - Processed currency: avalanche
2024-08-31 14:18:30,862 - INFO - Processed currency: shiba-inu
2024-08-31 14:18:33,068 - INFO - Processed currency: chainlink
2024-08-31 14:18:33,801 - INFO - Processed currency: bitcoin-cash
2024-08-31 14:18:34,716 - INFO - Processed currency: polkadot-new
2024-08-31 14:18:35,417 - INFO - Processed currency: unus-sed-leo
2024-08-31 14:18:36,759 - INFO - Processed currency: multi-collateral-dai
2024-08-31 14:18:37,357 - INFO - Processed currency: litecoin
2024-08-31 14:18:37,984 - INFO - Processed currency: near-protocol
2024-08-31 14:18:39,014 - INFO - Processed currency: polygon
2024-08-31 14:18:39,721 - INFO - Processed currency: kaspa
2024-08-31 14:18:40,343 - INFO - Processed currency: uniswap
2024-08-31 14:18:41,424 - INFO - Processed currency: internet-computer
2024-08-31 14:18:42,177 - INFO - Processed currency: pepe
2024-08-31 14:18:42,897 - INFO - Processed currency: monero
2024-08-31 14:18:43,712 - INFO - Processed currency: aptos
2024-08-31 14:18:45,044 - INFO - Processed currency: artificial-superintelligence-alliance
2024-08-31 14:18:46,277 - INFO - Processed currency: first-digital-usd
2024-08-31 14:18:46,981 - INFO - Processed currency: stellar
2024-08-31 14:18:48,618 - INFO - Processed currency: ethereum-classic
2024-08-31 14:18:48,926 - INFO - Processed currency: stacks
2024-08-31 14:18:49,335 - INFO - Processed currency: okb
2024-08-31 14:18:49,645 - INFO - Processed currency: cronos
2024-08-31 14:18:50,254 - INFO - Processed currency: immutable-x
2024-08-31 14:18:50,664 - INFO - Processed currency: sui
2024-08-31 14:18:50,974 - INFO - Processed currency: filecoin
2024-08-31 14:18:51,385 - INFO - Processed currency: bittensor
2024-08-31 14:18:51,692 - INFO - Processed currency: mantle
2024-08-31 14:18:52,033 - INFO - Processed currency: render
2024-08-31 14:18:52,275 - INFO - Processed currency: aave
2024-08-31 14:18:52,815 - INFO - Processed currency: hedera
2024-08-31 14:18:53,066 - INFO - Processed currency: arbitrum
2024-08-31 14:18:53,587 - INFO - Processed currency: cosmos
2024-08-31 14:18:53,844 - INFO - Processed currency: vechain
2024-08-31 14:18:54,089 - INFO - Processed currency: optimism-ethereum
2024-08-31 14:18:54,339 - INFO - Processed currency: injective
2024-08-31 14:18:54,594 - INFO - Processed currency: maker
2024-08-31 14:18:54,844 - INFO - Processed currency: dogwifhat
2024-08-31 14:18:55,097 - INFO - Processed currency: arweave
2024-08-31 14:18:55,351 - INFO - Processed currency: the-graph
2024-08-31 14:18:55,604 - INFO - Processed currency: bitget-token-new
2024-08-31 14:18:55,855 - INFO - Processed currency: thorchain
2024-08-31 14:18:56,102 - INFO - Processed currency: bonk1
2024-08-31 14:18:56,347 - INFO - Processed currency: floki-inu
2024-08-31 14:18:56,597 - INFO - Processed currency: fantom
2024-08-31 14:18:56,843 - INFO - Processed currency: theta-network
2024-08-31 14:18:57,084 - INFO - Processed currency: helium
2024-08-31 14:18:57,640 - INFO - Processed currency: algorand
2024-08-31 14:18:57,891 - INFO - Processed currency: jupiter-ag
2024-08-31 14:18:58,138 - INFO - Processed currency: pyth-network
2024-08-31 14:18:58,384 - INFO - Processed currency: kucoin-token
2024-08-31 14:18:58,642 - INFO - Processed currency: lido-dao
2024-08-31 14:18:58,893 - INFO - Processed currency: sei
2024-08-31 14:18:59,133 - INFO - Processed currency: jasmy
2024-08-31 14:18:59,382 - INFO - Processed currency: celestia
2024-08-31 14:19:05,014 - INFO - Processed currency: paypal-usd
2024-08-31 14:19:06,649 - INFO - Processed currency: ondo-finance
2024-08-31 14:19:07,255 - INFO - Processed currency: core-dao
2024-08-31 14:19:07,944 - INFO - Processed currency: flow
2024-08-31 14:19:08,873 - INFO - Processed currency: notcoin
2024-08-31 14:19:09,413 - INFO - Processed currency: bitcoin-sv
2024-08-31 14:19:10,036 - INFO - Processed currency: bittorrent-new
2024-08-31 14:19:10,842 - INFO - Processed currency: based-brett
2024-08-31 14:19:11,674 - INFO - Processed currency: multiversx-egld
2024-08-31 14:19:12,988 - INFO - Processed currency: mantra
2024-08-31 14:19:13,528 - INFO - Processed currency: quant
2024-08-31 14:19:14,128 - INFO - Processed currency: usdd
2024-08-31 14:19:14,747 - INFO - Processed currency: onbeam
2024-08-31 14:19:15,554 - INFO - Processed currency: eos
2024-08-31 14:19:16,326 - INFO - Processed currency: axie-infinity
2024-08-31 14:19:16,825 - INFO - Processed currency: gatetoken
2024-08-31 14:19:17,456 - INFO - Processed currency: neo
2024-08-31 14:19:18,714 - INFO - Processed currency: flare
2024-08-31 14:19:19,287 - INFO - Processed currency: dogs
2024-08-31 14:19:20,380 - INFO - Processed currency: tezos
2024-08-31 14:19:26,005 - INFO - Processed currency: gala
2024-08-31 14:19:26,928 - INFO - Processed currency: akash-network
2024-08-31 14:19:27,844 - INFO - Processed currency: tether-gold
2024-08-31 14:19:28,461 - INFO - Processed currency: ecash
2024-08-31 14:19:29,182 - INFO - Processed currency: sats
2024-08-31 14:19:29,888 - INFO - Processed currency: worldcoin-org
2024-08-31 14:19:30,552 - INFO - Processed currency: the-sandbox
2024-08-31 14:19:31,227 - INFO - Processed currency: ethereum-name-service
2024-08-31 14:19:31,933 - INFO - Processed currency: starknet-token
2024-08-31 14:19:32,189 - INFO - Processed currency: conflux-network
2024-08-31 14:19:32,723 - INFO - Processed currency: ronin
2024-08-31 14:19:32,973 - INFO - Processed currency: ordi
2024-08-31 14:19:33,219 - INFO - Processed currency: popcat-sol
2024-08-31 14:19:33,458 - INFO - Processed currency: dydx-chain
2024-08-31 14:19:33,458 - INFO - Data processing completed
2024-08-31 14:19:33,458 - INFO - Ejecución completada.
2024-08-31 14:24:07,629 - INFO - Starting data processing
2024-08-31 14:24:09,471 - INFO - Processed currency: bitcoin
2024-08-31 14:24:12,135 - INFO - Processed currency: ethereum
2024-08-31 14:24:13,049 - INFO - Processed currency: tether
2024-08-31 14:24:13,969 - INFO - Processed currency: bnb
2024-08-31 14:24:15,026 - INFO - Processed currency: solana
2024-08-31 14:24:15,698 - INFO - Processed currency: usd-coin
2024-08-31 14:24:16,261 - INFO - Processed currency: xrp
2024-08-31 14:24:16,989 - INFO - Processed currency: dogecoin
2024-08-31 14:24:17,503 - INFO - Processed currency: tron
2024-08-31 14:24:18,480 - INFO - Processed currency: toncoin
2024-08-31 14:24:19,540 - INFO - Processed currency: cardano
2024-08-31 14:24:20,111 - INFO - Processed currency: avalanche
2024-08-31 14:24:20,829 - INFO - Processed currency: shiba-inu
2024-08-31 14:24:21,553 - INFO - Processed currency: chainlink
2024-08-31 14:24:22,350 - INFO - Processed currency: bitcoin-cash
2024-08-31 14:24:23,086 - INFO - Processed currency: polkadot-new
2024-08-31 14:24:23,792 - INFO - Processed currency: unus-sed-leo
2024-08-31 14:24:24,821 - INFO - Processed currency: multi-collateral-dai
2024-08-31 14:24:25,418 - INFO - Processed currency: litecoin
2024-08-31 14:24:26,280 - INFO - Processed currency: near-protocol
2024-08-31 14:24:27,366 - INFO - Processed currency: polygon
2024-08-31 14:24:28,023 - INFO - Processed currency: kaspa
2024-08-31 14:24:28,595 - INFO - Processed currency: uniswap
2024-08-31 14:24:29,194 - INFO - Processed currency: internet-computer
2024-08-31 14:24:30,754 - INFO - Processed currency: pepe
2024-08-31 14:24:31,576 - INFO - Processed currency: monero
2024-08-31 14:24:32,806 - INFO - Processed currency: aptos
2024-08-31 14:24:36,286 - INFO - Processed currency: artificial-superintelligence-alliance
2024-08-31 14:24:39,054 - INFO - Processed currency: first-digital-usd
2024-08-31 14:24:39,856 - INFO - Processed currency: stellar
2024-08-31 14:24:40,316 - INFO - Processed currency: ethereum-classic
2024-08-31 14:24:40,579 - INFO - Processed currency: stacks
2024-08-31 14:24:40,986 - INFO - Processed currency: okb
2024-08-31 14:24:41,600 - INFO - Processed currency: cronos
2024-08-31 14:24:41,980 - INFO - Processed currency: immutable-x
2024-08-31 14:24:42,230 - INFO - Processed currency: sui
2024-08-31 14:24:42,509 - INFO - Processed currency: filecoin
2024-08-31 14:24:43,217 - INFO - Processed currency: bittensor
2024-08-31 14:24:43,464 - INFO - Processed currency: mantle
2024-08-31 14:24:43,713 - INFO - Processed currency: render
2024-08-31 14:24:43,961 - INFO - Processed currency: aave
2024-08-31 14:24:44,213 - INFO - Processed currency: hedera
2024-08-31 14:24:44,458 - INFO - Processed currency: arbitrum
2024-08-31 14:24:44,707 - INFO - Processed currency: cosmos
2024-08-31 14:24:44,963 - INFO - Processed currency: vechain
2024-08-31 14:24:45,213 - INFO - Processed currency: optimism-ethereum
2024-08-31 14:24:45,455 - INFO - Processed currency: injective
2024-08-31 14:24:45,711 - INFO - Processed currency: maker
2024-08-31 14:24:45,957 - INFO - Processed currency: dogwifhat
2024-08-31 14:24:46,205 - INFO - Processed currency: arweave
2024-08-31 14:24:46,459 - INFO - Processed currency: the-graph
2024-08-31 14:24:46,719 - INFO - Processed currency: bitget-token-new
2024-08-31 14:24:46,983 - INFO - Processed currency: thorchain
2024-08-31 14:24:47,223 - INFO - Processed currency: bonk1
2024-08-31 14:24:47,477 - INFO - Processed currency: floki-inu
2024-08-31 14:24:47,724 - INFO - Processed currency: theta-network
2024-08-31 14:24:47,975 - INFO - Processed currency: fantom
2024-08-31 14:24:48,220 - INFO - Processed currency: helium
2024-08-31 14:24:48,472 - INFO - Processed currency: algorand
2024-08-31 14:24:48,726 - INFO - Processed currency: jupiter-ag
2024-08-31 14:24:48,978 - INFO - Processed currency: kucoin-token
2024-08-31 14:24:49,225 - INFO - Processed currency: pyth-network
2024-08-31 14:24:49,474 - INFO - Processed currency: lido-dao
2024-08-31 14:24:49,722 - INFO - Processed currency: sei
2024-08-31 14:24:50,029 - INFO - Processed currency: jasmy
2024-08-31 14:24:50,284 - INFO - Processed currency: celestia
2024-08-31 14:24:50,532 - INFO - Processed currency: paypal-usd
2024-08-31 14:24:51,068 - INFO - Processed currency: ondo-finance
2024-08-31 14:24:51,318 - INFO - Processed currency: core-dao
2024-08-31 14:24:51,576 - INFO - Processed currency: flow
2024-08-31 14:24:51,833 - INFO - Processed currency: notcoin
2024-08-31 14:24:52,088 - INFO - Processed currency: bitcoin-sv
2024-08-31 14:24:52,343 - INFO - Processed currency: bittorrent-new
2024-08-31 14:24:52,593 - INFO - Processed currency: based-brett
2024-08-31 14:24:52,844 - INFO - Processed currency: multiversx-egld
2024-08-31 14:24:53,090 - INFO - Processed currency: mantra
2024-08-31 14:24:53,345 - INFO - Processed currency: quant
2024-08-31 14:24:53,600 - INFO - Processed currency: usdd
2024-08-31 14:24:53,857 - INFO - Processed currency: onbeam
2024-08-31 14:24:54,099 - INFO - Processed currency: eos
2024-08-31 14:24:54,339 - INFO - Processed currency: axie-infinity
2024-08-31 14:24:54,589 - INFO - Processed currency: gatetoken
2024-08-31 14:24:54,831 - INFO - Processed currency: neo
2024-08-31 14:24:55,069 - INFO - Processed currency: flare
2024-08-31 14:24:55,317 - INFO - Processed currency: dogs
2024-08-31 14:24:55,569 - INFO - Processed currency: tezos
2024-08-31 14:24:55,823 - INFO - Processed currency: gala
2024-08-31 14:24:56,080 - INFO - Processed currency: akash-network
2024-08-31 14:24:56,329 - INFO - Processed currency: tether-gold
2024-08-31 14:24:56,591 - INFO - Processed currency: ecash
2024-08-31 14:24:56,873 - INFO - Processed currency: sats
2024-08-31 14:24:57,125 - INFO - Processed currency: worldcoin-org
2024-08-31 14:24:57,373 - INFO - Processed currency: the-sandbox
2024-08-31 14:24:57,618 - INFO - Processed currency: ethereum-name-service
2024-08-31 14:24:58,600 - INFO - Processed currency: starknet-token
2024-08-31 14:24:58,854 - INFO - Processed currency: conflux-network
2024-08-31 14:24:59,108 - INFO - Processed currency: ronin
2024-08-31 14:24:59,364 - INFO - Processed currency: ordi
2024-08-31 14:24:59,619 - INFO - Processed currency: dydx-chain
2024-08-31 14:24:59,871 - INFO - Processed currency: nexo
2024-08-31 14:24:59,871 - INFO - Data processing completed
2024-08-31 14:25:27,635 - INFO - Starting data processing
2024-08-31 14:25:29,445 - INFO - Processed currency: bitcoin
2024-08-31 14:25:30,859 - INFO - Processed currency: ethereum
2024-08-31 14:25:31,589 - INFO - Processed currency: tether
2024-08-31 14:25:32,308 - INFO - Processed currency: bnb
2024-08-31 14:25:33,042 - INFO - Processed currency: solana
2024-08-31 14:25:33,842 - INFO - Processed currency: usd-coin
2024-08-31 14:25:34,554 - INFO - Processed currency: xrp
2024-08-31 14:25:35,576 - INFO - Processed currency: dogecoin
2024-08-31 14:25:36,284 - INFO - Processed currency: toncoin
2024-08-31 14:25:37,481 - INFO - Processed currency: tron
2024-08-31 14:25:38,646 - INFO - Processed currency: cardano
2024-08-31 14:25:39,372 - INFO - Processed currency: avalanche
2024-08-31 14:25:40,385 - INFO - Processed currency: shiba-inu
2024-08-31 14:25:41,219 - INFO - Processed currency: chainlink
2024-08-31 14:25:42,541 - INFO - Processed currency: bitcoin-cash
2024-08-31 14:25:43,466 - INFO - Processed currency: polkadot-new
2024-08-31 14:25:44,178 - INFO - Processed currency: unus-sed-leo
2024-08-31 14:25:44,900 - INFO - Processed currency: multi-collateral-dai
2024-08-31 14:25:45,809 - INFO - Processed currency: litecoin
2024-08-31 14:25:46,934 - INFO - Processed currency: near-protocol
2024-08-31 14:25:47,490 - INFO - Processed currency: polygon
2024-08-31 14:25:48,167 - INFO - Processed currency: kaspa
2024-08-31 14:25:49,102 - INFO - Processed currency: uniswap
2024-08-31 14:25:50,637 - INFO - Processed currency: internet-computer
2024-08-31 14:25:51,650 - INFO - Processed currency: pepe
2024-08-31 14:25:52,370 - INFO - Processed currency: monero
2024-08-31 14:25:53,090 - INFO - Processed currency: aptos
2024-08-31 14:25:54,015 - INFO - Processed currency: artificial-superintelligence-alliance
2024-08-31 14:25:55,025 - INFO - Processed currency: first-digital-usd
2024-08-31 14:25:55,432 - INFO - Processed currency: stellar
2024-08-31 14:25:55,840 - INFO - Processed currency: ethereum-classic
2024-08-31 14:25:56,353 - INFO - Processed currency: stacks
2024-08-31 14:25:56,660 - INFO - Processed currency: okb
2024-08-31 14:25:57,224 - INFO - Processed currency: cronos
2024-08-31 14:25:57,477 - INFO - Processed currency: immutable-x
2024-08-31 14:25:57,724 - INFO - Processed currency: sui
2024-08-31 14:25:57,981 - INFO - Processed currency: filecoin
2024-08-31 14:25:58,416 - INFO - Processed currency: bittensor
2024-08-31 14:25:58,679 - INFO - Processed currency: render
2024-08-31 14:25:58,936 - INFO - Processed currency: mantle
2024-08-31 14:25:59,473 - INFO - Processed currency: aave
2024-08-31 14:25:59,731 - INFO - Processed currency: hedera
2024-08-31 14:25:59,986 - INFO - Processed currency: arbitrum
2024-08-31 14:26:00,730 - INFO - Processed currency: cosmos
2024-08-31 14:26:03,335 - INFO - Processed currency: vechain
2024-08-31 14:26:04,348 - INFO - Processed currency: optimism-ethereum
2024-08-31 14:26:05,486 - INFO - Processed currency: injective
2024-08-31 14:26:06,824 - INFO - Processed currency: maker
2024-08-31 14:26:07,933 - INFO - Processed currency: dogwifhat
2024-08-31 14:26:08,555 - INFO - Processed currency: arweave
2024-08-31 14:26:09,176 - INFO - Processed currency: the-graph
2024-08-31 14:26:09,772 - INFO - Processed currency: bitget-token-new
2024-08-31 14:26:14,185 - INFO - Processed currency: thorchain
2024-08-31 14:26:15,417 - INFO - Processed currency: bonk1
2024-08-31 14:26:16,649 - INFO - Processed currency: floki-inu
2024-08-31 14:26:17,666 - INFO - Processed currency: theta-network
2024-08-31 14:26:18,385 - INFO - Processed currency: fantom
2024-08-31 14:26:19,915 - INFO - Processed currency: helium
2024-08-31 14:26:20,630 - INFO - Processed currency: algorand
2024-08-31 14:26:21,250 - INFO - Processed currency: jupiter-ag
2024-08-31 14:26:21,857 - INFO - Processed currency: pyth-network
2024-08-31 14:26:22,873 - INFO - Processed currency: kucoin-token
2024-08-31 14:26:23,713 - INFO - Processed currency: lido-dao
2024-08-31 14:26:24,421 - INFO - Processed currency: jasmy
2024-08-31 14:26:25,351 - INFO - Processed currency: sei
2024-08-31 14:26:26,071 - INFO - Processed currency: celestia
2024-08-31 14:26:26,778 - INFO - Processed currency: paypal-usd
2024-08-31 14:26:27,493 - INFO - Processed currency: ondo-finance
2024-08-31 14:26:28,867 - INFO - Processed currency: core-dao
2024-08-31 14:26:30,048 - INFO - Processed currency: flow
2024-08-31 14:26:30,773 - INFO - Processed currency: notcoin
2024-08-31 14:26:32,573 - INFO - Processed currency: bitcoin-sv
2024-08-31 14:26:33,235 - INFO - Processed currency: bittorrent-new
2024-08-31 14:26:33,629 - INFO - Processed currency: based-brett
2024-08-31 14:26:35,573 - INFO - Processed currency: multiversx-egld
2024-08-31 14:26:35,881 - INFO - Processed currency: mantra
2024-08-31 14:26:36,131 - INFO - Processed currency: quant
2024-08-31 14:26:36,800 - INFO - Processed currency: usdd
2024-08-31 14:26:37,337 - INFO - Processed currency: onbeam
2024-08-31 14:26:37,582 - INFO - Processed currency: eos
2024-08-31 14:26:37,831 - INFO - Processed currency: axie-infinity
2024-08-31 14:26:38,075 - INFO - Processed currency: gatetoken
2024-08-31 14:26:38,326 - INFO - Processed currency: neo
2024-08-31 14:26:38,577 - INFO - Processed currency: flare
2024-08-31 14:26:38,828 - INFO - Processed currency: dogs
2024-08-31 14:26:39,077 - INFO - Processed currency: tezos
2024-08-31 14:26:39,325 - INFO - Processed currency: gala
2024-08-31 14:26:39,571 - INFO - Processed currency: akash-network
2024-08-31 14:26:39,819 - INFO - Processed currency: tether-gold
2024-08-31 14:26:40,065 - INFO - Processed currency: ecash
2024-08-31 14:26:40,318 - INFO - Processed currency: sats
2024-08-31 14:26:40,560 - INFO - Processed currency: worldcoin-org
2024-08-31 14:26:40,813 - INFO - Processed currency: the-sandbox
2024-08-31 14:26:41,063 - INFO - Processed currency: ethereum-name-service
2024-08-31 14:26:41,313 - INFO - Processed currency: starknet-token
2024-08-31 14:26:41,848 - INFO - Processed currency: conflux-network
2024-08-31 14:26:42,105 - INFO - Processed currency: ordi
2024-08-31 14:26:42,351 - INFO - Processed currency: ronin
2024-08-31 14:26:42,599 - INFO - Processed currency: dydx-chain
2024-08-31 14:26:42,856 - INFO - Processed currency: nexo
2024-08-31 14:26:42,856 - INFO - Data processing completed
2024-08-31 14:31:09,523 - INFO - Scheduler iniciado. Ejecutando el script cada 10 minutos.
2024-08-31 14:31:09,523 - INFO - Starting data processing
2024-08-31 14:31:11,173 - INFO - Processed currency: bitcoin
2024-08-31 14:31:12,597 - INFO - Processed currency: ethereum
2024-08-31 14:31:13,709 - INFO - Processed currency: tether
2024-08-31 14:31:14,521 - INFO - Processed currency: bnb
2024-08-31 14:31:15,661 - INFO - Processed currency: solana
2024-08-31 14:31:16,477 - INFO - Processed currency: usd-coin
2024-08-31 14:31:17,704 - INFO - Processed currency: xrp
2024-08-31 14:31:18,522 - INFO - Processed currency: dogecoin
2024-08-31 14:31:19,444 - INFO - Processed currency: toncoin
2024-08-31 14:31:20,111 - INFO - Processed currency: tron
2024-08-31 14:31:20,739 - INFO - Processed currency: cardano
2024-08-31 14:31:21,296 - INFO - Processed currency: avalanche
2024-08-31 14:31:22,412 - INFO - Processed currency: shiba-inu
2024-08-31 14:31:23,138 - INFO - Processed currency: chainlink
2024-08-31 14:31:23,948 - INFO - Processed currency: bitcoin-cash
2024-08-31 14:31:24,778 - INFO - Processed currency: polkadot-new
2024-08-31 14:31:25,485 - INFO - Processed currency: unus-sed-leo
2024-08-31 14:31:26,122 - INFO - Processed currency: multi-collateral-dai
2024-08-31 14:31:26,742 - INFO - Processed currency: litecoin
2024-08-31 14:31:28,026 - INFO - Processed currency: near-protocol
2024-08-31 14:31:28,929 - INFO - Processed currency: polygon
2024-08-31 14:31:29,545 - INFO - Processed currency: kaspa
2024-08-31 14:31:31,007 - INFO - Processed currency: uniswap
2024-08-31 14:31:31,673 - INFO - Processed currency: internet-computer
2024-08-31 14:31:32,822 - INFO - Processed currency: pepe
2024-08-31 14:31:33,583 - INFO - Processed currency: monero
2024-08-31 14:31:34,199 - INFO - Processed currency: aptos
2024-08-31 14:31:34,912 - INFO - Processed currency: artificial-superintelligence-alliance
2024-08-31 14:31:35,521 - INFO - Processed currency: first-digital-usd
2024-08-31 14:31:36,121 - INFO - Processed currency: stellar
2024-08-31 14:31:36,531 - INFO - Processed currency: ethereum-classic
2024-08-31 14:31:36,839 - INFO - Processed currency: stacks
2024-08-31 14:31:37,248 - INFO - Processed currency: okb
2024-08-31 14:31:37,914 - INFO - Processed currency: cronos
2024-08-31 14:31:38,169 - INFO - Processed currency: immutable-x
2024-08-31 14:31:38,421 - INFO - Processed currency: filecoin
2024-08-31 14:31:38,667 - INFO - Processed currency: sui
2024-08-31 14:31:38,922 - INFO - Processed currency: bittensor
2024-08-31 14:31:39,172 - INFO - Processed currency: mantle
2024-08-31 14:31:39,566 - INFO - Processed currency: render
2024-08-31 14:31:39,841 - INFO - Processed currency: aave
2024-08-31 14:31:40,490 - INFO - Processed currency: hedera
2024-08-31 14:31:40,740 - INFO - Processed currency: arbitrum
2024-08-31 14:31:41,004 - INFO - Processed currency: cosmos
2024-08-31 14:31:41,246 - INFO - Processed currency: vechain
2024-08-31 14:31:41,497 - INFO - Processed currency: optimism-ethereum
2024-08-31 14:31:41,954 - INFO - Processed currency: injective
2024-08-31 14:31:42,208 - INFO - Processed currency: maker
2024-08-31 14:31:42,465 - INFO - Processed currency: dogwifhat
2024-08-31 14:31:42,716 - INFO - Processed currency: arweave
2024-08-31 14:31:43,251 - INFO - Processed currency: the-graph
2024-08-31 14:31:43,507 - INFO - Processed currency: bitget-token-new
2024-08-31 14:31:43,759 - INFO - Processed currency: thorchain
2024-08-31 14:31:44,026 - INFO - Processed currency: bonk1
2024-08-31 14:31:44,280 - INFO - Processed currency: floki-inu
2024-08-31 14:31:44,531 - INFO - Processed currency: theta-network
2024-08-31 14:31:44,780 - INFO - Processed currency: fantom
2024-08-31 14:31:45,022 - INFO - Processed currency: helium
2024-08-31 14:31:45,264 - INFO - Processed currency: algorand
2024-08-31 14:31:45,509 - INFO - Processed currency: jupiter-ag
2024-08-31 14:31:45,761 - INFO - Processed currency: pyth-network
2024-08-31 14:31:46,024 - INFO - Processed currency: kucoin-token
2024-08-31 14:31:46,283 - INFO - Processed currency: lido-dao
2024-08-31 14:31:46,824 - INFO - Processed currency: jasmy
2024-08-31 14:31:47,078 - INFO - Processed currency: sei
2024-08-31 14:31:47,349 - INFO - Processed currency: celestia
2024-08-31 14:31:47,600 - INFO - Processed currency: paypal-usd
2024-08-31 14:31:47,844 - INFO - Processed currency: ondo-finance
2024-08-31 14:31:48,094 - INFO - Processed currency: core-dao
2024-08-31 14:31:48,349 - INFO - Processed currency: flow
2024-08-31 14:31:48,614 - INFO - Processed currency: notcoin
2024-08-31 14:31:48,873 - INFO - Processed currency: bitcoin-sv
2024-08-31 14:31:49,125 - INFO - Processed currency: bittorrent-new
2024-08-31 14:31:49,367 - INFO - Processed currency: based-brett
2024-08-31 14:31:49,630 - INFO - Processed currency: multiversx-egld
2024-08-31 14:31:49,883 - INFO - Processed currency: mantra
2024-08-31 14:31:50,146 - INFO - Processed currency: quant
2024-08-31 14:31:50,394 - INFO - Processed currency: usdd
2024-08-31 14:31:50,651 - INFO - Processed currency: onbeam
2024-08-31 14:31:50,914 - INFO - Processed currency: eos
2024-08-31 14:31:51,180 - INFO - Processed currency: axie-infinity
2024-08-31 14:31:51,443 - INFO - Processed currency: gatetoken
2024-08-31 14:31:51,703 - INFO - Processed currency: neo
2024-08-31 14:31:51,980 - INFO - Processed currency: flare
2024-08-31 14:31:52,237 - INFO - Processed currency: dogs
2024-08-31 14:31:53,981 - INFO - Processed currency: tezos
2024-08-31 14:31:54,226 - INFO - Processed currency: gala
2024-08-31 14:31:54,529 - INFO - Processed currency: akash-network
2024-08-31 14:31:54,776 - INFO - Processed currency: tether-gold
2024-08-31 14:31:55,021 - INFO - Processed currency: ecash
2024-08-31 14:31:55,273 - INFO - Processed currency: sats
2024-08-31 14:31:55,530 - INFO - Processed currency: worldcoin-org
2024-08-31 14:31:55,782 - INFO - Processed currency: the-sandbox
2024-08-31 14:31:56,029 - INFO - Processed currency: ethereum-name-service
2024-08-31 14:31:56,281 - INFO - Processed currency: starknet-token
2024-08-31 14:31:56,527 - INFO - Processed currency: conflux-network
2024-08-31 14:31:56,767 - INFO - Processed currency: ordi
2024-08-31 14:31:57,020 - INFO - Processed currency: ronin
2024-08-31 14:31:57,267 - INFO - Processed currency: dydx-chain
2024-08-31 14:31:57,520 - INFO - Processed currency: nexo
2024-08-31 14:31:57,520 - INFO - Data processing completed
2024-08-31 14:41:27,959 - INFO - Ejecutando script...
2024-08-31 14:41:27,959 - INFO - Starting data processing
2024-08-31 14:41:30,278 - INFO - Processed currency: bitcoin
2024-08-31 14:41:33,026 - INFO - Processed currency: ethereum
2024-08-31 14:41:33,775 - INFO - Processed currency: tether
2024-08-31 14:41:34,364 - INFO - Processed currency: bnb
2024-08-31 14:41:35,939 - INFO - Processed currency: solana
2024-08-31 14:41:39,691 - INFO - Processed currency: usd-coin
2024-08-31 14:41:40,609 - INFO - Processed currency: xrp
2024-08-31 14:41:41,523 - INFO - Processed currency: dogecoin
2024-08-31 14:41:42,246 - INFO - Processed currency: toncoin
2024-08-31 14:41:43,168 - INFO - Processed currency: tron
2024-08-31 14:41:45,528 - INFO - Processed currency: cardano
2024-08-31 14:41:46,249 - INFO - Processed currency: avalanche
2024-08-31 14:41:47,265 - INFO - Processed currency: shiba-inu
2024-08-31 14:41:48,912 - INFO - Processed currency: chainlink
2024-08-31 14:41:50,433 - INFO - Processed currency: bitcoin-cash
2024-08-31 14:41:52,598 - INFO - Processed currency: polkadot-new
2024-08-31 14:41:53,307 - INFO - Processed currency: unus-sed-leo
2024-08-31 14:41:54,022 - INFO - Processed currency: multi-collateral-dai
2024-08-31 14:41:54,762 - INFO - Processed currency: litecoin
2024-08-31 14:41:56,183 - INFO - Processed currency: near-protocol
2024-08-31 14:41:56,873 - INFO - Processed currency: polygon
2024-08-31 14:41:57,603 - INFO - Processed currency: kaspa
2024-08-31 14:41:59,096 - INFO - Processed currency: uniswap
2024-08-31 14:41:59,692 - INFO - Processed currency: internet-computer
2024-08-31 14:42:00,421 - INFO - Processed currency: pepe
2024-08-31 14:42:03,750 - INFO - Processed currency: monero
2024-08-31 14:42:05,187 - INFO - Processed currency: aptos
2024-08-31 14:42:05,807 - INFO - Processed currency: artificial-superintelligence-alliance
2024-08-31 14:42:06,515 - INFO - Processed currency: first-digital-usd
2024-08-31 14:42:07,230 - INFO - Processed currency: stellar
2024-08-31 14:42:08,126 - INFO - Processed currency: ethereum-classic
2024-08-31 14:42:08,707 - INFO - Processed currency: stacks
2024-08-31 14:42:09,712 - INFO - Processed currency: okb
2024-08-31 14:42:10,325 - INFO - Processed currency: cronos
2024-08-31 14:42:11,630 - INFO - Processed currency: immutable-x
2024-08-31 14:42:13,482 - INFO - Processed currency: filecoin
2024-08-31 14:42:14,609 - INFO - Processed currency: sui
2024-08-31 14:42:16,141 - INFO - Processed currency: bittensor
2024-08-31 14:42:17,780 - INFO - Processed currency: mantle
2024-08-31 14:42:18,400 - INFO - Processed currency: render
2024-08-31 14:42:19,079 - INFO - Processed currency: aave
2024-08-31 14:42:20,027 - INFO - Processed currency: hedera
2024-08-31 14:42:20,750 - INFO - Processed currency: arbitrum
2024-08-31 14:42:21,782 - INFO - Processed currency: cosmos
2024-08-31 14:42:22,383 - INFO - Processed currency: vechain
2024-08-31 14:42:23,257 - INFO - Processed currency: optimism-ethereum
2024-08-31 14:42:23,854 - INFO - Processed currency: injective
2024-08-31 14:42:24,420 - INFO - Processed currency: maker
2024-08-31 14:42:24,927 - INFO - Processed currency: dogwifhat
2024-08-31 14:42:25,497 - INFO - Processed currency: arweave
2024-08-31 14:42:26,141 - INFO - Processed currency: the-graph
2024-08-31 14:42:26,717 - INFO - Processed currency: bitget-token-new
2024-08-31 14:42:27,293 - INFO - Processed currency: thorchain
2024-08-31 14:42:28,397 - INFO - Processed currency: bonk1
2024-08-31 14:42:28,655 - INFO - Processed currency: floki-inu
2024-08-31 14:42:28,900 - INFO - Processed currency: fantom
2024-08-31 14:42:29,144 - INFO - Processed currency: theta-network
2024-08-31 14:42:29,682 - INFO - Processed currency: helium
2024-08-31 14:42:29,951 - INFO - Processed currency: algorand
2024-08-31 14:42:30,197 - INFO - Processed currency: jupiter-ag
2024-08-31 14:42:30,447 - INFO - Processed currency: kucoin-token
2024-08-31 14:42:30,709 - INFO - Processed currency: pyth-network
2024-08-31 14:42:30,954 - INFO - Processed currency: lido-dao
2024-08-31 14:42:31,208 - INFO - Processed currency: sei
2024-08-31 14:42:31,458 - INFO - Processed currency: jasmy
2024-08-31 14:42:31,714 - INFO - Processed currency: celestia
2024-08-31 14:42:31,967 - INFO - Processed currency: paypal-usd
2024-08-31 14:42:32,217 - INFO - Processed currency: ondo-finance
2024-08-31 14:42:32,465 - INFO - Processed currency: core-dao
2024-08-31 14:42:32,714 - INFO - Processed currency: flow
2024-08-31 14:42:32,967 - INFO - Processed currency: notcoin
2024-08-31 14:42:33,223 - INFO - Processed currency: bitcoin-sv
2024-08-31 14:42:33,466 - INFO - Processed currency: bittorrent-new
2024-08-31 14:42:33,707 - INFO - Processed currency: based-brett
2024-08-31 14:42:33,961 - INFO - Processed currency: multiversx-egld
2024-08-31 14:42:34,210 - INFO - Processed currency: mantra
2024-08-31 14:42:34,467 - INFO - Processed currency: quant
2024-08-31 14:42:34,717 - INFO - Processed currency: usdd
2024-08-31 14:42:34,967 - INFO - Processed currency: onbeam
2024-08-31 14:42:35,249 - INFO - Processed currency: eos
2024-08-31 14:42:35,508 - INFO - Processed currency: axie-infinity
2024-08-31 14:42:35,741 - INFO - Processed currency: gatetoken
2024-08-31 14:42:35,985 - INFO - Processed currency: neo
2024-08-31 14:42:36,229 - INFO - Processed currency: flare
2024-08-31 14:42:36,479 - INFO - Processed currency: tezos
2024-08-31 14:42:36,729 - INFO - Processed currency: dogs
2024-08-31 14:42:36,978 - INFO - Processed currency: gala
2024-08-31 14:42:37,238 - INFO - Processed currency: akash-network
2024-08-31 14:42:37,490 - INFO - Processed currency: tether-gold
2024-08-31 14:42:37,752 - INFO - Processed currency: ecash
2024-08-31 14:42:38,099 - INFO - Processed currency: sats
2024-08-31 14:42:38,366 - INFO - Processed currency: worldcoin-org
2024-08-31 14:42:38,610 - INFO - Processed currency: the-sandbox
2024-08-31 14:42:38,868 - INFO - Processed currency: ethereum-name-service
2024-08-31 14:42:39,124 - INFO - Processed currency: starknet-token
2024-08-31 14:42:39,390 - INFO - Processed currency: ronin
2024-08-31 14:42:39,638 - INFO - Processed currency: conflux-network
2024-08-31 14:42:39,888 - INFO - Processed currency: ordi
2024-08-31 14:42:40,162 - INFO - Processed currency: dydx-chain
2024-08-31 14:42:40,421 - INFO - Processed currency: nexo
2024-08-31 14:42:40,421 - INFO - Data processing completed
2024-08-31 14:42:40,421 - INFO - Ejecución completada.
2024-08-31 14:52:40,880 - INFO - Ejecutando script...
2024-08-31 14:52:40,880 - INFO - Starting data processing
2024-08-31 14:52:43,023 - INFO - Processed currency: bitcoin
2024-08-31 14:52:43,695 - INFO - Processed currency: ethereum
2024-08-31 14:52:44,230 - INFO - Processed currency: tether
2024-08-31 14:52:44,783 - INFO - Processed currency: bnb
2024-08-31 14:52:45,906 - INFO - Processed currency: solana
2024-08-31 14:52:46,742 - INFO - Processed currency: usd-coin
2024-08-31 14:52:47,327 - INFO - Processed currency: xrp
2024-08-31 14:52:47,903 - INFO - Processed currency: dogecoin
2024-08-31 14:52:48,776 - INFO - Processed currency: tron
2024-08-31 14:52:49,449 - INFO - Processed currency: toncoin
2024-08-31 14:52:49,994 - INFO - Processed currency: cardano
2024-08-31 14:52:50,547 - INFO - Processed currency: avalanche
2024-08-31 14:52:51,670 - INFO - Processed currency: shiba-inu
2024-08-31 14:52:53,184 - INFO - Processed currency: chainlink
2024-08-31 14:52:53,786 - INFO - Processed currency: bitcoin-cash
2024-08-31 14:52:54,413 - INFO - Processed currency: polkadot-new
2024-08-31 14:52:55,111 - INFO - Processed currency: unus-sed-leo
2024-08-31 14:52:56,231 - INFO - Processed currency: multi-collateral-dai
2024-08-31 14:52:56,831 - INFO - Processed currency: litecoin
2024-08-31 14:52:57,683 - INFO - Processed currency: near-protocol
2024-08-31 14:52:58,925 - INFO - Processed currency: polygon
2024-08-31 14:52:59,731 - INFO - Processed currency: kaspa
2024-08-31 14:53:00,768 - INFO - Processed currency: uniswap
2024-08-31 14:53:01,614 - INFO - Processed currency: internet-computer
2024-08-31 14:53:02,450 - INFO - Processed currency: pepe
2024-08-31 14:53:03,521 - INFO - Processed currency: monero
2024-08-31 14:53:04,857 - INFO - Processed currency: aptos
2024-08-31 14:53:07,821 - INFO - Processed currency: artificial-superintelligence-alliance
2024-08-31 14:53:09,054 - INFO - Processed currency: first-digital-usd
2024-08-31 14:53:10,385 - INFO - Processed currency: stellar
2024-08-31 14:53:11,404 - INFO - Processed currency: ethereum-classic
2024-08-31 14:53:12,135 - INFO - Processed currency: stacks
2024-08-31 14:53:13,253 - INFO - Processed currency: okb
2024-08-31 14:53:14,478 - INFO - Processed currency: cronos
2024-08-31 14:53:15,201 - INFO - Processed currency: immutable-x
2024-08-31 14:53:15,869 - INFO - Processed currency: filecoin
2024-08-31 14:53:16,561 - INFO - Processed currency: bittensor
2024-08-31 14:53:17,887 - INFO - Processed currency: sui
2024-08-31 14:53:18,440 - INFO - Processed currency: mantle
2024-08-31 14:53:19,082 - INFO - Processed currency: render
2024-08-31 14:53:21,206 - INFO - Processed currency: aave
2024-08-31 14:53:22,844 - INFO - Processed currency: hedera
2024-08-31 14:53:23,799 - INFO - Processed currency: arbitrum
2024-08-31 14:53:25,139 - INFO - Processed currency: cosmos
2024-08-31 14:53:25,905 - INFO - Processed currency: vechain
2024-08-31 14:53:26,819 - INFO - Processed currency: optimism-ethereum
2024-08-31 14:53:30,552 - INFO - Processed currency: injective
2024-08-31 14:53:31,179 - INFO - Processed currency: maker
2024-08-31 14:53:32,091 - INFO - Processed currency: dogwifhat
2024-08-31 14:53:33,839 - INFO - Processed currency: arweave
2024-08-31 14:53:35,072 - INFO - Processed currency: the-graph
2024-08-31 14:53:35,774 - INFO - Processed currency: bitget-token-new
2024-08-31 14:53:36,078 - INFO - Processed currency: thorchain
2024-08-31 14:53:36,482 - INFO - Processed currency: bonk1
2024-08-31 14:53:36,799 - INFO - Processed currency: floki-inu
2024-08-31 14:53:37,053 - INFO - Processed currency: theta-network
2024-08-31 14:53:37,578 - INFO - Processed currency: fantom
2024-08-31 14:53:37,829 - INFO - Processed currency: helium
2024-08-31 14:53:38,084 - INFO - Processed currency: algorand
2024-08-31 14:53:38,625 - INFO - Processed currency: jupiter-ag
2024-08-31 14:53:38,877 - INFO - Processed currency: kucoin-token
2024-08-31 14:53:39,138 - INFO - Processed currency: pyth-network
2024-08-31 14:53:39,389 - INFO - Processed currency: lido-dao
2024-08-31 14:53:39,640 - INFO - Processed currency: sei
2024-08-31 14:53:39,888 - INFO - Processed currency: jasmy
2024-08-31 14:53:40,141 - INFO - Processed currency: celestia
2024-08-31 14:53:40,393 - INFO - Processed currency: paypal-usd
2024-08-31 14:53:40,641 - INFO - Processed currency: ondo-finance
2024-08-31 14:53:41,051 - INFO - Processed currency: core-dao
2024-08-31 14:53:41,294 - INFO - Processed currency: flow
2024-08-31 14:53:43,001 - INFO - Processed currency: notcoin
2024-08-31 14:53:45,291 - INFO - Processed currency: bitcoin-sv
2024-08-31 14:53:45,674 - INFO - Processed currency: bittorrent-new
2024-08-31 14:53:46,108 - INFO - Processed currency: based-brett
2024-08-31 14:53:46,415 - INFO - Processed currency: multiversx-egld
2024-08-31 14:53:47,027 - INFO - Processed currency: mantra
2024-08-31 14:53:47,543 - INFO - Processed currency: quant
2024-08-31 14:53:47,925 - INFO - Processed currency: usdd
2024-08-31 14:53:48,197 - INFO - Processed currency: onbeam
2024-08-31 14:53:48,442 - INFO - Processed currency: eos
2024-08-31 14:53:48,688 - INFO - Processed currency: axie-infinity
2024-08-31 14:53:48,935 - INFO - Processed currency: gatetoken
2024-08-31 14:53:49,184 - INFO - Processed currency: neo
2024-08-31 14:53:49,428 - INFO - Processed currency: flare
2024-08-31 14:53:49,663 - INFO - Processed currency: dogs
2024-08-31 14:53:49,920 - INFO - Processed currency: tezos
2024-08-31 14:53:52,174 - INFO - Processed currency: gala
2024-08-31 14:53:53,287 - INFO - Processed currency: akash-network
2024-08-31 14:53:53,537 - INFO - Processed currency: tether-gold
2024-08-31 14:53:55,677 - INFO - Processed currency: ecash
2024-08-31 14:53:55,938 - INFO - Processed currency: sats
2024-08-31 14:53:56,552 - INFO - Processed currency: worldcoin-org
2024-08-31 14:53:56,861 - INFO - Processed currency: the-sandbox
2024-08-31 14:53:57,168 - INFO - Processed currency: ethereum-name-service
2024-08-31 14:53:57,576 - INFO - Processed currency: starknet-token
2024-08-31 14:53:57,958 - INFO - Processed currency: ronin
2024-08-31 14:53:58,218 - INFO - Processed currency: conflux-network
2024-08-31 14:53:58,456 - INFO - Processed currency: ordi
2024-08-31 14:54:00,044 - INFO - Processed currency: dydx-chain
2024-08-31 14:54:04,138 - INFO - Processed currency: nexo
2024-08-31 14:54:04,138 - INFO - Data processing completed
2024-08-31 14:54:04,138 - INFO - Ejecución completada.
2024-08-31 15:04:04,572 - INFO - Ejecutando script...
2024-08-31 15:04:04,572 - INFO - Starting data processing
2024-08-31 15:04:06,723 - INFO - Processed currency: bitcoin
2024-08-31 15:04:08,721 - INFO - Processed currency: ethereum
2024-08-31 15:04:11,690 - INFO - Processed currency: tether
2024-08-31 15:04:13,529 - INFO - Processed currency: bnb
2024-08-31 15:04:16,500 - INFO - Processed currency: solana
2024-08-31 15:04:18,855 - INFO - Processed currency: usd-coin
2024-08-31 15:04:20,081 - INFO - Processed currency: xrp
2024-08-31 15:04:20,894 - INFO - Processed currency: dogecoin
2024-08-31 15:04:22,235 - INFO - Processed currency: tron
2024-08-31 15:04:22,942 - INFO - Processed currency: toncoin
2024-08-31 15:04:23,664 - INFO - Processed currency: cardano
2024-08-31 15:04:26,531 - INFO - Processed currency: avalanche
2024-08-31 15:04:27,757 - INFO - Processed currency: shiba-inu
2024-08-31 15:04:28,895 - INFO - Processed currency: chainlink
2024-08-31 15:04:31,034 - INFO - Processed currency: bitcoin-cash
2024-08-31 15:04:33,788 - INFO - Processed currency: polkadot-new
2024-08-31 15:04:34,718 - INFO - Processed currency: unus-sed-leo
2024-08-31 15:04:35,853 - INFO - Processed currency: multi-collateral-dai
2024-08-31 15:04:39,110 - INFO - Processed currency: litecoin
2024-08-31 15:04:41,950 - INFO - Processed currency: near-protocol
2024-08-31 15:04:42,681 - INFO - Processed currency: polygon
2024-08-31 15:04:43,832 - INFO - Processed currency: kaspa
2024-08-31 15:04:46,307 - INFO - Processed currency: uniswap
2024-08-31 15:04:48,245 - INFO - Processed currency: internet-computer
2024-08-31 15:04:48,970 - INFO - Processed currency: pepe
2024-08-31 15:04:50,598 - INFO - Processed currency: monero
2024-08-31 15:04:51,372 - INFO - Processed currency: aptos
2024-08-31 15:04:56,328 - INFO - Processed currency: artificial-superintelligence-alliance
2024-08-31 15:04:57,353 - INFO - Processed currency: first-digital-usd
2024-08-31 15:04:57,745 - INFO - Processed currency: stellar
2024-08-31 15:04:58,567 - INFO - Processed currency: ethereum-classic
2024-08-31 15:04:59,181 - INFO - Processed currency: stacks
2024-08-31 15:04:59,795 - INFO - Processed currency: okb
2024-08-31 15:05:01,539 - INFO - Processed currency: cronos
2024-08-31 15:05:02,777 - INFO - Processed currency: immutable-x
2024-08-31 15:05:03,504 - INFO - Processed currency: filecoin
2024-08-31 15:05:04,321 - INFO - Processed currency: bittensor
2024-08-31 15:05:07,087 - INFO - Processed currency: sui
2024-08-31 15:05:09,942 - INFO - Processed currency: mantle
2024-08-31 15:05:13,332 - INFO - Processed currency: render
2024-08-31 15:05:15,823 - INFO - Processed currency: aave
2024-08-31 15:05:16,802 - INFO - Processed currency: hedera
2024-08-31 15:05:17,634 - INFO - Processed currency: arbitrum
2024-08-31 15:05:20,084 - INFO - Processed currency: cosmos
2024-08-31 15:05:22,441 - INFO - Processed currency: vechain
2024-08-31 15:05:23,588 - INFO - Processed currency: optimism-ethereum
2024-08-31 15:05:25,722 - INFO - Processed currency: injective
2024-08-31 15:05:26,649 - INFO - Processed currency: maker
2024-08-31 15:05:27,353 - INFO - Processed currency: dogwifhat
2024-08-31 15:05:27,974 - INFO - Processed currency: arweave
2024-08-31 15:05:29,007 - INFO - Processed currency: the-graph
2024-08-31 15:05:31,136 - INFO - Processed currency: bitget-token-new
2024-08-31 15:05:31,965 - INFO - Processed currency: thorchain
2024-08-31 15:05:32,980 - INFO - Processed currency: bonk1
2024-08-31 15:05:33,708 - INFO - Processed currency: floki-inu
2024-08-31 15:05:34,529 - INFO - Processed currency: theta-network
2024-08-31 15:05:35,754 - INFO - Processed currency: fantom
2024-08-31 15:05:37,267 - INFO - Processed currency: helium
2024-08-31 15:05:38,107 - INFO - Processed currency: algorand
2024-08-31 15:05:38,825 - INFO - Processed currency: jupiter-ag
2024-08-31 15:05:41,577 - INFO - Processed currency: kucoin-token
2024-08-31 15:05:42,814 - INFO - Processed currency: pyth-network
2024-08-31 15:05:43,533 - INFO - Processed currency: sei
2024-08-31 15:05:43,867 - INFO - Processed currency: lido-dao
2024-08-31 15:05:44,542 - INFO - Processed currency: jasmy
2024-08-31 15:05:45,058 - INFO - Processed currency: celestia
2024-08-31 15:05:45,434 - INFO - Processed currency: paypal-usd
2024-08-31 15:05:45,776 - INFO - Processed currency: ondo-finance
2024-08-31 15:05:46,050 - INFO - Processed currency: core-dao
2024-08-31 15:05:46,299 - INFO - Processed currency: flow
2024-08-31 15:05:46,567 - INFO - Processed currency: notcoin
2024-08-31 15:05:46,823 - INFO - Processed currency: bitcoin-sv
2024-08-31 15:05:47,069 - INFO - Processed currency: bittorrent-new
2024-08-31 15:05:47,317 - INFO - Processed currency: based-brett
2024-08-31 15:05:47,569 - INFO - Processed currency: multiversx-egld
2024-08-31 15:05:47,816 - INFO - Processed currency: mantra
2024-08-31 15:05:48,062 - INFO - Processed currency: quant
2024-08-31 15:05:48,311 - INFO - Processed currency: usdd
2024-08-31 15:05:48,555 - INFO - Processed currency: onbeam
2024-08-31 15:05:48,799 - INFO - Processed currency: eos
2024-08-31 15:05:49,057 - INFO - Processed currency: axie-infinity
2024-08-31 15:05:49,298 - INFO - Processed currency: gatetoken
2024-08-31 15:05:49,561 - INFO - Processed currency: neo
2024-08-31 15:05:49,819 - INFO - Processed currency: flare
2024-08-31 15:05:50,071 - INFO - Processed currency: dogs
2024-08-31 15:05:50,313 - INFO - Processed currency: tezos
2024-08-31 15:05:50,568 - INFO - Processed currency: gala
2024-08-31 15:05:50,823 - INFO - Processed currency: akash-network
2024-08-31 15:05:51,102 - INFO - Processed currency: tether-gold
2024-08-31 15:05:51,437 - INFO - Processed currency: ecash
2024-08-31 15:05:51,696 - INFO - Processed currency: sats
2024-08-31 15:05:51,942 - INFO - Processed currency: worldcoin-org
2024-08-31 15:05:52,197 - INFO - Processed currency: the-sandbox
2024-08-31 15:05:52,451 - INFO - Processed currency: ethereum-name-service
2024-08-31 15:05:52,704 - INFO - Processed currency: starknet-token
2024-08-31 15:05:52,946 - INFO - Processed currency: conflux-network
2024-08-31 15:05:53,200 - INFO - Processed currency: ordi
2024-08-31 15:05:53,443 - INFO - Processed currency: ronin
2024-08-31 15:05:53,689 - INFO - Processed currency: dydx-chain
2024-08-31 15:05:53,947 - INFO - Processed currency: nexo
2024-08-31 15:05:53,947 - INFO - Data processing completed
2024-08-31 15:05:53,947 - INFO - Ejecución completada.
2024-08-31 15:16:41,516 - INFO - Starting data processing
2024-08-31 15:16:42,915 - INFO - Processed currency: bitcoin
2024-08-31 15:16:43,923 - INFO - Processed currency: ethereum
2024-08-31 15:16:44,637 - INFO - Processed currency: tether
2024-08-31 15:16:45,861 - INFO - Processed currency: bnb
2024-08-31 15:16:46,572 - INFO - Processed currency: solana
2024-08-31 15:16:47,607 - INFO - Processed currency: usd-coin
2024-08-31 15:16:49,755 - INFO - Processed currency: xrp
2024-08-31 15:16:50,468 - INFO - Processed currency: dogecoin
2024-08-31 15:16:52,412 - INFO - Processed currency: tron
2024-08-31 15:16:53,428 - INFO - Processed currency: toncoin
2024-08-31 15:16:54,770 - INFO - Processed currency: cardano
2024-08-31 15:16:55,490 - INFO - Processed currency: avalanche
2024-08-31 15:16:56,099 - INFO - Processed currency: shiba-inu
2024-08-31 15:16:56,894 - INFO - Processed currency: chainlink
2024-08-31 15:16:57,940 - INFO - Processed currency: bitcoin-cash
2024-08-31 15:16:58,630 - INFO - Processed currency: polkadot-new
2024-08-31 15:16:59,579 - INFO - Processed currency: unus-sed-leo
2024-08-31 15:17:00,143 - INFO - Processed currency: multi-collateral-dai
2024-08-31 15:17:00,884 - INFO - Processed currency: litecoin
2024-08-31 15:17:01,698 - INFO - Processed currency: near-protocol
2024-08-31 15:17:02,334 - INFO - Processed currency: polygon
2024-08-31 15:17:03,467 - INFO - Processed currency: kaspa
2024-08-31 15:17:04,201 - INFO - Processed currency: uniswap
2024-08-31 15:17:05,021 - INFO - Processed currency: internet-computer
2024-08-31 15:17:05,572 - INFO - Processed currency: pepe
2024-08-31 15:17:06,298 - INFO - Processed currency: aptos
2024-08-31 15:17:12,178 - INFO - Processed currency: monero
2024-08-31 15:17:14,050 - INFO - Processed currency: artificial-superintelligence-alliance
2024-08-31 15:17:14,737 - INFO - Processed currency: first-digital-usd
2024-08-31 15:17:16,064 - INFO - Processed currency: stellar
2024-08-31 15:17:16,589 - INFO - Processed currency: ethereum-classic
2024-08-31 15:17:17,647 - INFO - Processed currency: stacks
2024-08-31 15:17:18,524 - INFO - Processed currency: okb
2024-08-31 15:17:21,289 - INFO - Processed currency: cronos
2024-08-31 15:17:22,423 - INFO - Processed currency: immutable-x
2024-08-31 15:17:23,141 - INFO - Processed currency: filecoin
2024-08-31 15:17:24,176 - INFO - Processed currency: sui
2024-08-31 15:17:24,880 - INFO - Processed currency: bittensor
2024-08-31 15:17:25,698 - INFO - Processed currency: render
2024-08-31 15:17:26,657 - INFO - Processed currency: mantle
2024-08-31 15:17:27,861 - INFO - Processed currency: aave
2024-08-31 15:17:28,387 - INFO - Processed currency: hedera
2024-08-31 15:17:28,962 - INFO - Processed currency: arbitrum
2024-08-31 15:17:30,093 - INFO - Processed currency: cosmos
2024-08-31 15:17:31,231 - INFO - Processed currency: vechain
2024-08-31 15:17:32,451 - INFO - Processed currency: optimism-ethereum
2024-08-31 15:17:32,702 - ERROR - Error during processing: HTTP Error 429: {
    "status": {
        "timestamp": "2024-08-31T18:17:32.630Z",
        "error_code": 1008,
        "error_message": "You've exceeded your API Key's HTTP request rate limit. Rate limits reset every minute.",
        "elapsed": 0,
        "credit_count": 0
    }
}
2024-08-31 15:20:22,322 - INFO - Starting data processing
2024-08-31 15:20:23,586 - INFO - Processed currency: bitcoin
2024-08-31 15:20:24,292 - INFO - Processed currency: ethereum
2024-08-31 15:20:25,000 - INFO - Processed currency: bnb
2024-08-31 15:20:26,131 - INFO - Processed currency: solana
2024-08-31 15:20:27,151 - INFO - Processed currency: usd-coin
2024-08-31 15:20:29,195 - INFO - Processed currency: xrp
2024-08-31 15:20:29,808 - INFO - Processed currency: dogecoin
2024-08-31 15:20:31,235 - INFO - Processed currency: tron
2024-08-31 15:20:32,268 - INFO - Processed currency: toncoin
2024-08-31 15:20:33,909 - INFO - Processed currency: cardano
2024-08-31 15:20:34,526 - INFO - Processed currency: avalanche
2024-08-31 15:20:35,541 - INFO - Processed currency: shiba-inu
2024-08-31 15:20:36,310 - INFO - Processed currency: chainlink
2024-08-31 15:20:37,695 - INFO - Processed currency: bitcoin-cash
2024-08-31 15:20:38,772 - INFO - Processed currency: polkadot-new
2024-08-31 15:20:39,365 - INFO - Processed currency: unus-sed-leo
2024-08-31 15:20:40,053 - INFO - Processed currency: multi-collateral-dai
2024-08-31 15:20:40,547 - INFO - Processed currency: litecoin
2024-08-31 15:20:41,395 - INFO - Processed currency: near-protocol
2024-08-31 15:20:43,043 - INFO - Processed currency: polygon
2024-08-31 15:20:43,666 - INFO - Processed currency: kaspa
2024-08-31 15:20:44,979 - INFO - Processed currency: uniswap
2024-08-31 15:20:46,406 - INFO - Processed currency: internet-computer
2024-08-31 15:20:47,214 - INFO - Processed currency: pepe
2024-08-31 15:20:48,240 - INFO - Processed currency: aptos
2024-08-31 15:20:48,961 - INFO - Processed currency: monero
2024-08-31 15:20:50,191 - INFO - Processed currency: artificial-superintelligence-alliance
2024-08-31 15:20:51,136 - INFO - Processed currency: first-digital-usd
2024-08-31 15:20:52,232 - INFO - Processed currency: ethereum-classic
2024-08-31 15:20:52,621 - ERROR - Error during processing: HTTP Error 429: {
    "status": {
        "timestamp": "2024-08-31T18:20:52.532Z",
        "error_code": 1008,
        "error_message": "You've exceeded your API Key's HTTP request rate limit. Rate limits reset every minute.",
        "elapsed": 0,
        "credit_count": 0
    }
}
2024-08-31 15:25:28,301 - INFO - Starting data processing
2024-08-31 15:25:29,975 - INFO - Processed currency: bitcoin
2024-08-31 15:25:34,250 - INFO - Processed currency: ethereum
2024-08-31 15:25:35,274 - INFO - Processed currency: tether
2024-08-31 15:25:35,993 - INFO - Processed currency: bnb
2024-08-31 15:25:36,710 - INFO - Processed currency: solana
2024-08-31 15:25:37,633 - INFO - Processed currency: usd-coin
2024-08-31 15:25:38,857 - INFO - Processed currency: xrp
2024-08-31 15:25:39,567 - INFO - Processed currency: dogecoin
2024-08-31 15:25:40,290 - INFO - Processed currency: tron
2024-08-31 15:25:40,906 - INFO - Processed currency: toncoin
2024-08-31 15:25:41,622 - INFO - Processed currency: cardano
2024-08-31 15:25:42,649 - INFO - Processed currency: avalanche
2024-08-31 15:25:43,286 - INFO - Processed currency: shiba-inu
2024-08-31 15:25:45,825 - INFO - Processed currency: chainlink
2024-08-31 15:25:46,629 - INFO - Processed currency: bitcoin-cash
2024-08-31 15:25:47,893 - INFO - Processed currency: polkadot-new
2024-08-31 15:25:48,991 - INFO - Processed currency: unus-sed-leo
2024-08-31 15:25:51,969 - INFO - Processed currency: multi-collateral-dai
2024-08-31 15:25:52,667 - INFO - Processed currency: litecoin
2024-08-31 15:25:53,712 - INFO - Processed currency: near-protocol
2024-08-31 15:25:54,628 - INFO - Processed currency: polygon
2024-08-31 15:25:55,641 - INFO - Processed currency: kaspa
2024-08-31 15:25:56,867 - INFO - Processed currency: uniswap
2024-08-31 15:25:58,113 - INFO - Processed currency: internet-computer
2024-08-31 15:25:59,331 - INFO - Processed currency: pepe
2024-08-31 15:26:01,384 - INFO - Processed currency: aptos
2024-08-31 15:26:01,898 - INFO - Processed currency: monero
2024-08-31 15:26:02,617 - INFO - Processed currency: artificial-superintelligence-alliance
2024-08-31 15:26:03,354 - INFO - Processed currency: first-digital-usd
2024-08-31 15:26:03,880 - INFO - Processed currency: stellar
2024-08-31 15:26:05,068 - INFO - Processed currency: ethereum-classic
2024-08-31 15:26:06,187 - INFO - Processed currency: stacks
2024-08-31 15:26:06,759 - INFO - Processed currency: okb
2024-08-31 15:26:07,652 - INFO - Processed currency: cronos
2024-08-31 15:26:08,172 - INFO - Processed currency: immutable-x
2024-08-31 15:26:08,876 - INFO - Processed currency: filecoin
2024-08-31 15:26:09,965 - INFO - Processed currency: sui
2024-08-31 15:26:12,605 - INFO - Processed currency: bittensor
2024-08-31 15:26:13,269 - INFO - Processed currency: render
2024-08-31 15:26:13,771 - INFO - Processed currency: mantle
2024-08-31 15:26:14,676 - INFO - Processed currency: aave
2024-08-31 15:26:15,203 - INFO - Processed currency: hedera
2024-08-31 15:26:15,885 - INFO - Processed currency: arbitrum
2024-08-31 15:26:16,541 - INFO - Processed currency: cosmos
2024-08-31 15:26:17,082 - INFO - Processed currency: vechain
2024-08-31 15:26:17,596 - INFO - Processed currency: optimism-ethereum
2024-08-31 15:26:18,114 - INFO - Processed currency: injective
2024-08-31 15:26:18,616 - INFO - Processed currency: maker
2024-08-31 15:26:19,146 - INFO - Processed currency: dogwifhat
2024-08-31 15:26:19,691 - INFO - Processed currency: arweave
2024-08-31 15:26:20,192 - INFO - Processed currency: the-graph
2024-08-31 15:26:20,702 - INFO - Processed currency: bitget-token-new
2024-08-31 15:26:21,281 - INFO - Processed currency: thorchain
2024-08-31 15:26:22,107 - INFO - Processed currency: bonk1
2024-08-31 15:26:22,624 - INFO - Processed currency: floki-inu
2024-08-31 15:26:22,874 - ERROR - Rate limit exceeded: {'status': {'timestamp': '2024-08-31T18:26:22.807Z', 'error_code': 1008, 'error_message': "You've exceeded your API Key's HTTP request rate limit. Rate limits reset every minute.", 'elapsed': 0, 'credit_count': 0}}
2024-08-31 15:26:22,875 - INFO - Retrying in 60 seconds...
2024-08-31 15:27:24,031 - INFO - Processed currency: theta-network
2024-08-31 15:27:24,740 - INFO - Processed currency: fantom
2024-08-31 15:27:25,762 - INFO - Processed currency: helium
2024-08-31 15:27:26,503 - INFO - Processed currency: algorand
2024-08-31 15:27:27,399 - INFO - Processed currency: jupiter-ag
2024-08-31 15:27:28,173 - INFO - Processed currency: kucoin-token
2024-08-31 15:27:28,719 - INFO - Processed currency: pyth-network
2024-08-31 15:27:29,202 - INFO - Processed currency: sei
2024-08-31 15:27:34,089 - INFO - Processed currency: lido-dao
2024-08-31 15:27:35,077 - INFO - Processed currency: jasmy
2024-08-31 15:27:35,798 - INFO - Processed currency: celestia
2024-08-31 15:27:36,411 - INFO - Processed currency: paypal-usd
2024-08-31 15:27:37,022 - INFO - Processed currency: ondo-finance
2024-08-31 15:27:37,627 - INFO - Processed currency: core-dao
2024-08-31 15:27:38,808 - INFO - Processed currency: flow
2024-08-31 15:27:39,589 - INFO - Processed currency: notcoin
2024-08-31 15:27:40,110 - INFO - Processed currency: bitcoin-sv
2024-08-31 15:27:41,153 - INFO - Processed currency: bittorrent-new
2024-08-31 15:27:41,663 - INFO - Processed currency: based-brett
2024-08-31 15:27:42,191 - INFO - Processed currency: multiversx-egld
2024-08-31 15:27:43,387 - INFO - Processed currency: mantra
2024-08-31 15:27:43,986 - INFO - Processed currency: quant
2024-08-31 15:27:45,628 - INFO - Processed currency: usdd
2024-08-31 15:27:46,352 - INFO - Processed currency: onbeam
2024-08-31 15:27:47,574 - INFO - Processed currency: eos
2024-08-31 15:27:48,296 - INFO - Processed currency: axie-infinity
2024-08-31 15:27:49,514 - INFO - Processed currency: neo
2024-08-31 15:27:51,274 - INFO - Processed currency: gatetoken
2024-08-31 15:27:51,989 - INFO - Processed currency: flare
2024-08-31 15:27:53,086 - INFO - Processed currency: dogs
2024-08-31 15:27:53,692 - ERROR - Rate limit exceeded: {'status': {'timestamp': '2024-08-31T18:27:53.605Z', 'error_code': 1008, 'error_message': "You've exceeded your API Key's HTTP request rate limit. Rate limits reset every minute.", 'elapsed': 0, 'credit_count': 0}}
2024-08-31 15:27:53,692 - INFO - Retrying in 60 seconds...
2024-08-31 15:28:54,913 - INFO - Processed currency: tezos
2024-08-31 15:28:55,671 - INFO - Processed currency: gala
2024-08-31 15:28:56,490 - INFO - Processed currency: akash-network
2024-08-31 15:28:57,082 - INFO - Processed currency: tether-gold
2024-08-31 15:28:57,915 - INFO - Processed currency: ecash
2024-08-31 15:28:58,772 - INFO - Processed currency: sats
2024-08-31 15:28:59,343 - INFO - Processed currency: worldcoin-org
2024-08-31 15:29:00,391 - INFO - Processed currency: the-sandbox
2024-08-31 15:29:01,572 - INFO - Processed currency: ethereum-name-service
2024-08-31 15:29:02,138 - INFO - Processed currency: starknet-token
2024-08-31 15:29:02,678 - INFO - Processed currency: conflux-network
2024-08-31 15:29:03,651 - INFO - Processed currency: ordi
2024-08-31 15:29:04,269 - INFO - Processed currency: ronin
2024-08-31 15:29:05,748 - INFO - Processed currency: dydx-chain
2024-08-31 15:29:06,620 - INFO - Processed currency: nexo
2024-08-31 15:29:06,620 - INFO - Data processing completed
